<?xml version="1.0" encoding="UTF-8"?>
<!-- Generated by org.testng.reporters.JUnitReportReporter -->
<testsuite hostname="DESKTOP-4353LNE" failures="0" tests="1" name="test_class.Patch_tc1" time="1.388" errors="0" timestamp="2023-04-05T08:39:16 IST" skipped="0">
  <testcase classname="test_class.Patch_tc1" name="orchestrator" time="1.388"/>
  <system-out/>
</testsuite> <!-- test_class.Patch_tc1 -->
